<?xml version="1.0" encoding="UTF-8"?>
<!-- Generated by org.testng.reporters.JUnitReportReporter -->
<testsuite hostname="DESKTOP-GOV41DI" failures="0" tests="1" name="testCases.TC_001_AccountRegistrationtTest" time="5.428" errors="0" timestamp="2023-12-27T01:40:33 IST" skipped="0">
  <testcase classname="testCases.TC_001_AccountRegistrationtTest" name="test_account_Registration" time="5.428"/>
</testsuite> <!-- testCases.TC_001_AccountRegistrationtTest -->
