<?xml version="1.0" encoding="UTF-8"?>
<!-- Generated by org.testng.reporters.JUnitReportReporter -->
<testsuite hostname="DESKTOP-GOV41DI" failures="0" tests="1" name="testCases.TC_001_AccountRegistrationTest" time="6.288" errors="0" timestamp="2024-01-03T09:38:17 IST" skipped="0">
  <testcase classname="testCases.TC_001_AccountRegistrationTest" name="test_account_Registration" time="6.288"/>
</testsuite> <!-- testCases.TC_001_AccountRegistrationTest -->
