<?xml version="1.0" encoding="UTF-8"?>
<!-- Generated by org.testng.reporters.JUnitReportReporter -->
<testsuite hostname="DESKTOP-GOV41DI" failures="0" tests="1" name="testCases.TC_002_LoginTest" time="1.771" errors="0" timestamp="2023-12-27T21:22:40 IST" skipped="0">
  <testcase classname="testCases.TC_002_LoginTest" name="test_Login" time="1.771"/>
</testsuite> <!-- testCases.TC_002_LoginTest -->
