<?xml version="1.0" encoding="UTF-8"?>
<!-- Generated by org.testng.reporters.JUnitReportReporter -->
<testsuite hostname="DESKTOP-GOV41DI" failures="0" tests="1" name="testCases.TC_001_AccountRegistrationTest" time="5.605" errors="0" timestamp="2024-01-03T19:10:47 IST" skipped="0">
  <testcase classname="testCases.TC_001_AccountRegistrationTest" name="test_account_Registration" time="5.605"/>
  <system-out/>
</testsuite> <!-- testCases.TC_001_AccountRegistrationTest -->
