<?xml version="1.0" encoding="UTF-8"?>
<!-- Generated by org.testng.reporters.JUnitReportReporter -->
<testsuite hostname="DESKTOP-GOV41DI" failures="0" tests="1" name="testCases.TC_002_LoginTest" time="2.156" errors="0" timestamp="2024-01-03T09:36:50 IST" skipped="0">
  <testcase classname="testCases.TC_002_LoginTest" name="test_Login" time="2.156"/>
  <system-out/>
</testsuite> <!-- testCases.TC_002_LoginTest -->
